TN:
SF:src/services/auth/AuthService.ts
FN:6,signInWithEmail
FN:10,signUpWithEmail
FN:14,signInWithGoogle
FN:18,signInWithApple
FN:22,signOut
FN:26,getCurrentUser
FN:30,getSession
FN:34,isLoggedIn
FN:38,handleOAuthCallback
FN:42,resetPassword
FN:46,updatePassword
FN:50,onAuthStateChange
FNF:12
FNH:12
FNDA:2,signInWithEmail
FNDA:1,signUpWithEmail
FNDA:1,signInWithGoogle
FNDA:1,signInWithApple
FNDA:1,signOut
FNDA:1,getCurrentUser
FNDA:1,getSession
FNDA:1,isLoggedIn
FNDA:1,handleOAuthCallback
FNDA:1,resetPassword
FNDA:1,updatePassword
FNDA:1,onAuthStateChange
DA:1,1
DA:5,1
DA:6,1
DA:7,2
DA:8,2
DA:10,1
DA:11,1
DA:12,1
DA:14,1
DA:15,1
DA:16,1
DA:18,1
DA:19,1
DA:20,1
DA:22,1
DA:23,1
DA:24,1
DA:26,1
DA:27,1
DA:28,1
DA:30,1
DA:31,1
DA:32,1
DA:34,1
DA:35,1
DA:36,1
DA:38,1
DA:39,1
DA:40,1
DA:42,1
DA:43,1
DA:44,1
DA:46,1
DA:47,1
DA:48,1
DA:50,1
DA:51,1
DA:52,1
DA:53,1
DA:55,1
LF:40
LH:40
BRDA:6,0,0,2
BRDA:10,1,0,1
BRDA:14,2,0,1
BRDA:18,3,0,1
BRDA:22,4,0,1
BRDA:26,5,0,1
BRDA:30,6,0,1
BRDA:34,7,0,1
BRDA:38,8,0,1
BRDA:42,9,0,1
BRDA:46,10,0,1
BRDA:50,11,0,1
BRF:12
BRH:12
end_of_record
